2017-10-23 13:14:47,829 TRACE [main] vue.Fenetre (Fenetre.java:106) - This is TRACE
2017-10-23 13:14:47,829 DEBUG [main] vue.Fenetre (Fenetre.java:107) - This is DEBUG
2017-10-23 13:14:47,829 INFO  [main] vue.Fenetre (Fenetre.java:108) - This is INFO
2017-10-23 13:14:47,829 WARN  [main] vue.Fenetre (Fenetre.java:109) - This is WARNING
2017-10-23 13:14:47,829 ERROR [main] vue.Fenetre (Fenetre.java:110) - This is ERROR
2017-10-23 13:14:47,829 FATAL [main] vue.Fenetre (Fenetre.java:111) - This is FATAL
2017-10-23 13:20:31,519 TRACE [main] vue.Fenetre (Fenetre.java:106) - This is TRACE
2017-10-23 13:20:31,535 DEBUG [main] vue.Fenetre (Fenetre.java:107) - This is DEBUG
2017-10-23 13:20:31,535 INFO  [main] vue.Fenetre (Fenetre.java:108) - This is INFO
2017-10-23 13:20:31,535 WARN  [main] vue.Fenetre (Fenetre.java:109) - This is WARNING
2017-10-23 13:20:31,535 ERROR [main] vue.Fenetre (Fenetre.java:110) - This is ERROR
2017-10-23 13:20:31,535 FATAL [main] vue.Fenetre (Fenetre.java:111) - This is FATAL
2017-10-23 13:23:28,576 TRACE [main] vue.Fenetre (Fenetre.java:106) - This is TRACE
2017-10-23 13:23:28,576 DEBUG [main] vue.Fenetre (Fenetre.java:107) - This is DEBUG
2017-10-23 13:23:28,576 INFO  [main] vue.Fenetre (Fenetre.java:108) - This is INFO
2017-10-23 13:23:28,576 WARN  [main] vue.Fenetre (Fenetre.java:109) - This is WARNING
2017-10-23 13:23:28,576 ERROR [main] vue.Fenetre (Fenetre.java:110) - This is ERROR
2017-10-23 13:23:28,576 FATAL [main] vue.Fenetre (Fenetre.java:111) - This is FATAL
2017-10-23 13:24:05,889 TRACE [main] vue.Fenetre (Fenetre.java:106) - This is TRACE
2017-10-23 13:24:05,889 DEBUG [main] vue.Fenetre (Fenetre.java:107) - This is DEBUG
2017-10-23 13:24:05,889 INFO  [main] vue.Fenetre (Fenetre.java:108) - This is INFO
2017-10-23 13:24:05,889 WARN  [main] vue.Fenetre (Fenetre.java:109) - This is WARNING
2017-10-23 13:24:05,889 ERROR [main] vue.Fenetre (Fenetre.java:110) - This is ERROR
2017-10-23 13:24:05,889 FATAL [main] vue.Fenetre (Fenetre.java:111) - This is FATAL
2017-10-23 13:24:59,394 TRACE [main] vue.Fenetre (Fenetre.java:106) - This is TRACE
2017-10-23 13:24:59,394 DEBUG [main] vue.Fenetre (Fenetre.java:107) - This is DEBUG
2017-10-23 13:24:59,394 INFO  [main] vue.Fenetre (Fenetre.java:108) - This is INFO
2017-10-23 13:24:59,394 WARN  [main] vue.Fenetre (Fenetre.java:109) - This is WARNING
2017-10-23 13:24:59,394 ERROR [main] vue.Fenetre (Fenetre.java:110) - This is ERROR
2017-10-23 13:24:59,394 FATAL [main] vue.Fenetre (Fenetre.java:111) - This is FATAL
