2017-11-03 15:46:40,941 TRACE [main] vue.Fenetre (Fenetre.java:70) - Instanciation de la fenêtre principale
2017-11-03 15:46:40,941 TRACE [main] vue.Fenetre (Fenetre.java:86) - Initialisation des modèles de données
2017-11-03 15:46:40,941 TRACE [main] vue.Fenetre (Fenetre.java:119) - Initialisation du menu
2017-11-03 15:46:54,214 DEBUG [AWT-EventQueue-0] vue.Fenetre$7 (Fenetre.java:295) - Menu Paramètres - Nb essais RecherchePlusMoins :5
2017-11-03 15:46:54,219 DEBUG [AWT-EventQueue-0] vue.Fenetre$7 (Fenetre.java:296) - Menu Paramètres - Nb cases RecherchePlusMoins :6
2017-11-03 15:46:54,219 DEBUG [AWT-EventQueue-0] vue.Fenetre$7 (Fenetre.java:297) - Menu Paramètres - Nb essais Mastermind :10
2017-11-03 15:46:54,219 DEBUG [AWT-EventQueue-0] vue.Fenetre$7 (Fenetre.java:298) - Menu Paramètres - Nb cases Mastermind :4
2017-11-03 15:46:54,220 DEBUG [AWT-EventQueue-0] vue.Fenetre$7 (Fenetre.java:299) - Menu Paramètres - Etat du mode développeur :true
2017-11-03 15:46:54,220 DEBUG [AWT-EventQueue-0] vue.Fenetre$7 (Fenetre.java:300) - Menu Paramètres - Etat du mode développeur :6
2017-11-03 15:46:57,989 TRACE [AWT-EventQueue-0] vue.RecherchePlusMoinsModeChallenger (RecherchePlusMoinsModeChallenger.java:58) - Instanciation du jeu RecherchePlusMoins en mode Challenger
2017-11-03 15:46:58,004 DEBUG [AWT-EventQueue-0] vue.RecherchePlusMoinsModeChallenger (RecherchePlusMoinsModeChallenger.java:251) - Jeu RecherchePlusMoins en mode Challenger - Génération de la combinaison secrète:270675
2017-11-03 15:46:58,020 TRACE [AWT-EventQueue-0] vue.Fenetre (Fenetre.java:343) - Réinitialisation des modèles de données
2017-11-03 15:47:34,515 TRACE [AWT-EventQueue-0] vue.RecherchePlusMoinsModeChallenger (RecherchePlusMoinsModeChallenger.java:282) - Jeu RecherchePlusMoins en mode Challenger - Fin de partie
2017-11-03 15:47:38,019 TRACE [AWT-EventQueue-0] vue.Fenetre (Fenetre.java:367) - Retour à l'accueil
2017-11-03 15:47:40,043 TRACE [AWT-EventQueue-0] vue.RecherchePlusMoinsModeDefenseur (RecherchePlusMoinsModeDefenseur.java:58) - Instanciation du jeu RecherchePlusMoins en mode Défenseur
2017-11-03 15:47:40,062 TRACE [AWT-EventQueue-0] vue.Fenetre (Fenetre.java:343) - Réinitialisation des modèles de données
2017-11-03 15:48:09,230 TRACE [AWT-EventQueue-0] vue.RecherchePlusMoinsModeDefenseur (RecherchePlusMoinsModeDefenseur.java:374) - Jeu RecherchePlusMoins en mode Défenseur - Fin de partie
2017-11-03 15:48:11,103 TRACE [AWT-EventQueue-0] vue.Fenetre (Fenetre.java:367) - Retour à l'accueil
2017-11-03 15:48:14,207 TRACE [AWT-EventQueue-0] vue.RecherchePlusMoinsModeDuel (RecherchePlusMoinsModeDuel.java:64) - Instanciation du jeu RecherchePlusMoins en mode Duel
2017-11-03 15:48:14,209 DEBUG [AWT-EventQueue-0] vue.RecherchePlusMoinsModeDuel (RecherchePlusMoinsModeDuel.java:471) - Jeu RecherchePlusMoins en mode Duel - Génération de la combinaison secrète:058957
2017-11-03 15:48:14,210 TRACE [AWT-EventQueue-0] vue.Fenetre (Fenetre.java:343) - Réinitialisation des modèles de données
2017-11-03 15:49:17,089 TRACE [AWT-EventQueue-0] vue.RecherchePlusMoinsModeDuel (RecherchePlusMoinsModeDuel.java:513) - Jeu RecherchePlusMoins en mode Duel - Fin de partie
2017-11-03 15:49:18,459 TRACE [AWT-EventQueue-0] vue.Fenetre (Fenetre.java:367) - Retour à l'accueil
2017-11-03 15:49:21,300 TRACE [AWT-EventQueue-0] vue.MastermindModeChallenger (MastermindModeChallenger.java:66) - Instanciation du jeu Mastermind en mode Challenger
2017-11-03 15:49:21,306 DEBUG [AWT-EventQueue-0] vue.MastermindModeChallenger (MastermindModeChallenger.java:416) - Jeu Mastermind en mode Challenger - Génération de la combinaison secrète:0104
2017-11-03 15:49:21,307 TRACE [AWT-EventQueue-0] vue.Fenetre (Fenetre.java:343) - Réinitialisation des modèles de données
2017-11-03 15:50:05,286 TRACE [AWT-EventQueue-0] vue.MastermindModeChallenger (MastermindModeChallenger.java:520) - Jeu Mastermind en mode Challenger - Fin de partie
2017-11-03 15:50:07,415 TRACE [AWT-EventQueue-0] vue.Fenetre (Fenetre.java:393) - Retour à l'accueil
2017-11-03 15:50:10,952 TRACE [AWT-EventQueue-0] vue.MastermindModeDefenseur (MastermindModeDefenseur.java:73) - Instanciation du jeu Mastermind en mode Défenseur
2017-11-03 15:50:10,963 TRACE [AWT-EventQueue-0] vue.Fenetre (Fenetre.java:343) - Réinitialisation des modèles de données
2017-11-03 15:50:17,088 DEBUG [AWT-EventQueue-0] model.ModeleDonneesMastermind (ModeleDonneesMastermind.java:93) - Jeu Mastermind en mode Défenseur - Combinaison secrète joueur Modèle de données :5432
2017-11-03 15:50:17,091 DEBUG [AWT-EventQueue-0] model.ModeleDonneesMastermind (ModeleDonneesMastermind.java:95) - Jeu Mastermind en mode Défenseur - Taille de la liste chaînée :1296
2017-11-03 15:50:17,091 DEBUG [AWT-EventQueue-0] model.ModeleDonneesMastermind (ModeleDonneesMastermind.java:109) - Jeu Mastermind en mode Défenseur - Proposition de l'ordinateur en mode défenseur :0000
2017-11-03 15:50:19,263 DEBUG [AWT-EventQueue-0] vue.MastermindModeDefenseur$15 (MastermindModeDefenseur.java:336) - Jeu Mastermind en mode Défenseur - Réponse du Joueur en Mode Défenseur :VVVV
2017-11-03 15:50:19,263 DEBUG [AWT-EventQueue-0] vue.MastermindModeDefenseur$15 (MastermindModeDefenseur.java:338) - Jeu Mastermind en mode Défenseur - Reponse attendue :VVVV
2017-11-03 15:50:19,275 DEBUG [AWT-EventQueue-0] model.ModeleDonneesMastermind (ModeleDonneesMastermind.java:112) - Jeu Mastermind en mode Défenseur - Modele de données réponse du joueur :VVVV
2017-11-03 15:50:19,276 DEBUG [AWT-EventQueue-0] model.ModeleDonneesMastermind (ModeleDonneesMastermind.java:155) - Jeu Mastermind en mode Défenseur - Taille liste chaînée réactualisée :625
2017-11-03 15:50:19,276 DEBUG [AWT-EventQueue-0] model.ModeleDonneesMastermind (ModeleDonneesMastermind.java:156) - Jeu Mastermind en mode Défenseur - Premier élément réactualisé :1111
2017-11-03 15:50:30,180 DEBUG [AWT-EventQueue-0] vue.MastermindModeDefenseur$15 (MastermindModeDefenseur.java:336) - Jeu Mastermind en mode Défenseur - Réponse du Joueur en Mode Défenseur :BVVV
2017-11-03 15:50:30,180 DEBUG [AWT-EventQueue-0] vue.MastermindModeDefenseur$15 (MastermindModeDefenseur.java:338) - Jeu Mastermind en mode Défenseur - Reponse attendue :VVVV
2017-11-03 15:50:40,300 DEBUG [AWT-EventQueue-0] vue.MastermindModeDefenseur$15 (MastermindModeDefenseur.java:336) - Jeu Mastermind en mode Défenseur - Réponse du Joueur en Mode Défenseur :VVVV
2017-11-03 15:50:40,300 DEBUG [AWT-EventQueue-0] vue.MastermindModeDefenseur$15 (MastermindModeDefenseur.java:338) - Jeu Mastermind en mode Défenseur - Reponse attendue :VVVV
2017-11-03 15:50:40,315 DEBUG [AWT-EventQueue-0] model.ModeleDonneesMastermind (ModeleDonneesMastermind.java:112) - Jeu Mastermind en mode Défenseur - Modele de données réponse du joueur :VVVV
2017-11-03 15:50:40,316 DEBUG [AWT-EventQueue-0] model.ModeleDonneesMastermind (ModeleDonneesMastermind.java:155) - Jeu Mastermind en mode Défenseur - Taille liste chaînée réactualisée :256
2017-11-03 15:50:40,316 DEBUG [AWT-EventQueue-0] model.ModeleDonneesMastermind (ModeleDonneesMastermind.java:156) - Jeu Mastermind en mode Défenseur - Premier élément réactualisé :2222
2017-11-03 15:50:42,632 DEBUG [AWT-EventQueue-0] vue.MastermindModeDefenseur$15 (MastermindModeDefenseur.java:336) - Jeu Mastermind en mode Défenseur - Réponse du Joueur en Mode Défenseur :RVVV
2017-11-03 15:50:42,632 DEBUG [AWT-EventQueue-0] vue.MastermindModeDefenseur$15 (MastermindModeDefenseur.java:338) - Jeu Mastermind en mode Défenseur - Reponse attendue :RVVV
2017-11-03 15:50:42,635 DEBUG [AWT-EventQueue-0] model.ModeleDonneesMastermind (ModeleDonneesMastermind.java:112) - Jeu Mastermind en mode Défenseur - Modele de données réponse du joueur :RVVV
2017-11-03 15:50:42,636 DEBUG [AWT-EventQueue-0] model.ModeleDonneesMastermind (ModeleDonneesMastermind.java:155) - Jeu Mastermind en mode Défenseur - Taille liste chaînée réactualisée :108
2017-11-03 15:50:42,636 DEBUG [AWT-EventQueue-0] model.ModeleDonneesMastermind (ModeleDonneesMastermind.java:156) - Jeu Mastermind en mode Défenseur - Premier élément réactualisé :2333
2017-11-03 15:50:44,871 DEBUG [AWT-EventQueue-0] vue.MastermindModeDefenseur$15 (MastermindModeDefenseur.java:336) - Jeu Mastermind en mode Défenseur - Réponse du Joueur en Mode Défenseur :BBVV
2017-11-03 15:50:44,875 DEBUG [AWT-EventQueue-0] vue.MastermindModeDefenseur$15 (MastermindModeDefenseur.java:338) - Jeu Mastermind en mode Défenseur - Reponse attendue :RBVV
2017-11-03 15:50:59,550 DEBUG [AWT-EventQueue-0] vue.MastermindModeDefenseur$15 (MastermindModeDefenseur.java:336) - Jeu Mastermind en mode Défenseur - Réponse du Joueur en Mode Défenseur :RBVV
2017-11-03 15:50:59,550 DEBUG [AWT-EventQueue-0] vue.MastermindModeDefenseur$15 (MastermindModeDefenseur.java:338) - Jeu Mastermind en mode Défenseur - Reponse attendue :RBVV
2017-11-03 15:50:59,563 DEBUG [AWT-EventQueue-0] model.ModeleDonneesMastermind (ModeleDonneesMastermind.java:112) - Jeu Mastermind en mode Défenseur - Modele de données réponse du joueur :RBVV
2017-11-03 15:50:59,563 DEBUG [AWT-EventQueue-0] model.ModeleDonneesMastermind (ModeleDonneesMastermind.java:155) - Jeu Mastermind en mode Défenseur - Taille liste chaînée réactualisée :24
2017-11-03 15:50:59,563 DEBUG [AWT-EventQueue-0] model.ModeleDonneesMastermind (ModeleDonneesMastermind.java:156) - Jeu Mastermind en mode Défenseur - Premier élément réactualisé :4234
2017-11-03 15:51:05,158 DEBUG [AWT-EventQueue-0] vue.MastermindModeDefenseur$15 (MastermindModeDefenseur.java:336) - Jeu Mastermind en mode Défenseur - Réponse du Joueur en Mode Défenseur :RBBV
2017-11-03 15:51:05,158 DEBUG [AWT-EventQueue-0] vue.MastermindModeDefenseur$15 (MastermindModeDefenseur.java:338) - Jeu Mastermind en mode Défenseur - Reponse attendue :RBBV
2017-11-03 15:51:05,163 DEBUG [AWT-EventQueue-0] model.ModeleDonneesMastermind (ModeleDonneesMastermind.java:112) - Jeu Mastermind en mode Défenseur - Modele de données réponse du joueur :RBBV
2017-11-03 15:51:05,163 DEBUG [AWT-EventQueue-0] model.ModeleDonneesMastermind (ModeleDonneesMastermind.java:155) - Jeu Mastermind en mode Défenseur - Taille liste chaînée réactualisée :6
2017-11-03 15:51:05,163 DEBUG [AWT-EventQueue-0] model.ModeleDonneesMastermind (ModeleDonneesMastermind.java:156) - Jeu Mastermind en mode Défenseur - Premier élément réactualisé :4325
2017-11-03 15:51:18,935 DEBUG [AWT-EventQueue-0] vue.MastermindModeDefenseur$15 (MastermindModeDefenseur.java:336) - Jeu Mastermind en mode Défenseur - Réponse du Joueur en Mode Défenseur :BBBB
2017-11-03 15:51:18,935 DEBUG [AWT-EventQueue-0] vue.MastermindModeDefenseur$15 (MastermindModeDefenseur.java:338) - Jeu Mastermind en mode Défenseur - Reponse attendue :BBBB
2017-11-03 15:51:18,939 DEBUG [AWT-EventQueue-0] model.ModeleDonneesMastermind (ModeleDonneesMastermind.java:112) - Jeu Mastermind en mode Défenseur - Modele de données réponse du joueur :BBBB
2017-11-03 15:51:18,939 DEBUG [AWT-EventQueue-0] model.ModeleDonneesMastermind (ModeleDonneesMastermind.java:155) - Jeu Mastermind en mode Défenseur - Taille liste chaînée réactualisée :2
2017-11-03 15:51:18,939 DEBUG [AWT-EventQueue-0] model.ModeleDonneesMastermind (ModeleDonneesMastermind.java:156) - Jeu Mastermind en mode Défenseur - Premier élément réactualisé :5243
2017-11-03 15:51:28,648 DEBUG [AWT-EventQueue-0] vue.MastermindModeDefenseur$15 (MastermindModeDefenseur.java:336) - Jeu Mastermind en mode Défenseur - Réponse du Joueur en Mode Défenseur :RBBB
2017-11-03 15:51:28,648 DEBUG [AWT-EventQueue-0] vue.MastermindModeDefenseur$15 (MastermindModeDefenseur.java:338) - Jeu Mastermind en mode Défenseur - Reponse attendue :RBBB
2017-11-03 15:51:28,651 DEBUG [AWT-EventQueue-0] model.ModeleDonneesMastermind (ModeleDonneesMastermind.java:112) - Jeu Mastermind en mode Défenseur - Modele de données réponse du joueur :RBBB
2017-11-03 15:51:28,651 DEBUG [AWT-EventQueue-0] model.ModeleDonneesMastermind (ModeleDonneesMastermind.java:155) - Jeu Mastermind en mode Défenseur - Taille liste chaînée réactualisée :1
2017-11-03 15:51:28,651 DEBUG [AWT-EventQueue-0] model.ModeleDonneesMastermind (ModeleDonneesMastermind.java:156) - Jeu Mastermind en mode Défenseur - Premier élément réactualisé :5432
2017-11-03 15:51:32,296 DEBUG [AWT-EventQueue-0] vue.MastermindModeDefenseur$15 (MastermindModeDefenseur.java:336) - Jeu Mastermind en mode Défenseur - Réponse du Joueur en Mode Défenseur :RRRR
2017-11-03 15:51:32,296 DEBUG [AWT-EventQueue-0] vue.MastermindModeDefenseur$15 (MastermindModeDefenseur.java:338) - Jeu Mastermind en mode Défenseur - Reponse attendue :RRRR
2017-11-03 15:51:33,632 TRACE [AWT-EventQueue-0] vue.MastermindModeDefenseur (MastermindModeDefenseur.java:610) - Jeu Mastermind en mode Défenseur - Fin de partie
2017-11-03 15:51:34,912 TRACE [AWT-EventQueue-0] vue.Fenetre (Fenetre.java:393) - Retour à l'accueil
2017-11-03 15:51:38,709 TRACE [AWT-EventQueue-0] vue.MastermindModeDuel (MastermindModeDuel.java:81) - Instanciation du jeu Mastermind en mode Duel
2017-11-03 15:51:38,731 DEBUG [AWT-EventQueue-0] model.ModeleDonneesMastermind (ModeleDonneesMastermind.java:169) - Jeu Mastermind en mode Duel - Combinaison Secrète Ordinateur Modèle de données : 1552
2017-11-03 15:51:38,731 TRACE [AWT-EventQueue-0] vue.Fenetre (Fenetre.java:343) - Réinitialisation des modèles de données
2017-11-03 15:52:02,126 DEBUG [AWT-EventQueue-0] model.ModeleDonneesMastermind (ModeleDonneesMastermind.java:174) - Jeu Mastermind en mode Duel - Proposition Secrète Joueur Modèle de données :1153
2017-11-03 15:52:02,137 DEBUG [AWT-EventQueue-0] model.ModeleDonneesMastermind (ModeleDonneesMastermind.java:176) - Jeu Mastermind en mode Duel - Taille de la liste chaînée :1296
2017-11-03 15:52:07,936 DEBUG [AWT-EventQueue-0] model.ModeleDonneesMastermind (ModeleDonneesMastermind.java:182) - Jeu Mastermind en mode Duel - Proposition Joueur Modèle de données :5555
2017-11-03 15:52:07,936 DEBUG [AWT-EventQueue-0] model.ModeleDonneesMastermind (ModeleDonneesMastermind.java:185) - Jeu Mastermind en mode Duel - Réponse Ordinateur Mode Duel :RRVV
2017-11-03 15:52:07,943 DEBUG [AWT-EventQueue-0] model.ModeleDonneesMastermind (ModeleDonneesMastermind.java:252) - Jeu Mastermind en mode Duel - Proposition Ordinateur Mode Duel :0000
2017-11-03 15:52:10,443 DEBUG [AWT-EventQueue-0] vue.MastermindModeDuel$15 (MastermindModeDuel.java:472) - Jeu Mastermind en mode Duel - Réponse du joueur en mode duel :VVVV
2017-11-03 15:52:10,459 DEBUG [AWT-EventQueue-0] vue.MastermindModeDuel$15 (MastermindModeDuel.java:474) - Jeu Mastermind en mode Duel - Reponse attendue :VVVV
2017-11-03 15:52:16,314 DEBUG [AWT-EventQueue-0] model.ModeleDonneesMastermind (ModeleDonneesMastermind.java:182) - Jeu Mastermind en mode Duel - Proposition Joueur Modèle de données :1111
2017-11-03 15:52:16,314 DEBUG [AWT-EventQueue-0] model.ModeleDonneesMastermind (ModeleDonneesMastermind.java:185) - Jeu Mastermind en mode Duel - Réponse Ordinateur Mode Duel :RVVV
2017-11-03 15:52:16,318 DEBUG [AWT-EventQueue-0] model.ModeleDonneesMastermind (ModeleDonneesMastermind.java:255) - Jeu Mastermind en mode Duel - Modele de données réponse du joueur :VVVV
2017-11-03 15:52:16,319 DEBUG [AWT-EventQueue-0] model.ModeleDonneesMastermind (ModeleDonneesMastermind.java:298) - Jeu Mastermind en mode Duel - Taille liste chaînée réactualisé :625
2017-11-03 15:52:16,319 DEBUG [AWT-EventQueue-0] model.ModeleDonneesMastermind (ModeleDonneesMastermind.java:299) - Jeu Mastermind en mode Duel - Premier élément réactualisé :1111
2017-11-03 15:52:18,753 DEBUG [AWT-EventQueue-0] vue.MastermindModeDuel$15 (MastermindModeDuel.java:472) - Jeu Mastermind en mode Duel - Réponse du joueur en mode duel :VVVV
2017-11-03 15:52:18,753 DEBUG [AWT-EventQueue-0] vue.MastermindModeDuel$15 (MastermindModeDuel.java:474) - Jeu Mastermind en mode Duel - Reponse attendue :RRVV
2017-11-03 15:52:38,123 DEBUG [AWT-EventQueue-0] vue.MastermindModeDuel$15 (MastermindModeDuel.java:472) - Jeu Mastermind en mode Duel - Réponse du joueur en mode duel :RRVV
2017-11-03 15:52:38,123 DEBUG [AWT-EventQueue-0] vue.MastermindModeDuel$15 (MastermindModeDuel.java:474) - Jeu Mastermind en mode Duel - Reponse attendue :RRVV
2017-11-03 15:54:03,510 DEBUG [AWT-EventQueue-0] model.ModeleDonneesMastermind (ModeleDonneesMastermind.java:182) - Jeu Mastermind en mode Duel - Proposition Joueur Modèle de données :4444
2017-11-03 15:54:03,511 DEBUG [AWT-EventQueue-0] model.ModeleDonneesMastermind (ModeleDonneesMastermind.java:185) - Jeu Mastermind en mode Duel - Réponse Ordinateur Mode Duel :VVVV
2017-11-03 15:54:03,511 DEBUG [AWT-EventQueue-0] model.ModeleDonneesMastermind (ModeleDonneesMastermind.java:255) - Jeu Mastermind en mode Duel - Modele de données réponse du joueur :RRVV
2017-11-03 15:54:03,513 DEBUG [AWT-EventQueue-0] model.ModeleDonneesMastermind (ModeleDonneesMastermind.java:298) - Jeu Mastermind en mode Duel - Taille liste chaînée réactualisé :96
2017-11-03 15:54:03,513 DEBUG [AWT-EventQueue-0] model.ModeleDonneesMastermind (ModeleDonneesMastermind.java:299) - Jeu Mastermind en mode Duel - Premier élément réactualisé :1122
2017-11-03 15:54:08,528 DEBUG [AWT-EventQueue-0] vue.MastermindModeDuel$15 (MastermindModeDuel.java:472) - Jeu Mastermind en mode Duel - Réponse du joueur en mode duel :RRVV
2017-11-03 15:54:08,528 DEBUG [AWT-EventQueue-0] vue.MastermindModeDuel$15 (MastermindModeDuel.java:474) - Jeu Mastermind en mode Duel - Reponse attendue :RRVV
2017-11-03 15:54:23,601 DEBUG [AWT-EventQueue-0] model.ModeleDonneesMastermind (ModeleDonneesMastermind.java:182) - Jeu Mastermind en mode Duel - Proposition Joueur Modèle de données :0000
2017-11-03 15:54:23,601 DEBUG [AWT-EventQueue-0] model.ModeleDonneesMastermind (ModeleDonneesMastermind.java:185) - Jeu Mastermind en mode Duel - Réponse Ordinateur Mode Duel :VVVV
2017-11-03 15:54:23,616 DEBUG [AWT-EventQueue-0] model.ModeleDonneesMastermind (ModeleDonneesMastermind.java:255) - Jeu Mastermind en mode Duel - Modele de données réponse du joueur :RRVV
2017-11-03 15:54:23,616 DEBUG [AWT-EventQueue-0] model.ModeleDonneesMastermind (ModeleDonneesMastermind.java:298) - Jeu Mastermind en mode Duel - Taille liste chaînée réactualisé :9
2017-11-03 15:54:23,616 DEBUG [AWT-EventQueue-0] model.ModeleDonneesMastermind (ModeleDonneesMastermind.java:299) - Jeu Mastermind en mode Duel - Premier élément réactualisé :1133
2017-11-03 15:54:26,681 DEBUG [AWT-EventQueue-0] vue.MastermindModeDuel$15 (MastermindModeDuel.java:472) - Jeu Mastermind en mode Duel - Réponse du joueur en mode duel :RRVV
2017-11-03 15:54:26,681 DEBUG [AWT-EventQueue-0] vue.MastermindModeDuel$15 (MastermindModeDuel.java:474) - Jeu Mastermind en mode Duel - Reponse attendue :RRRV
2017-11-03 15:54:32,906 DEBUG [AWT-EventQueue-0] vue.MastermindModeDuel$15 (MastermindModeDuel.java:472) - Jeu Mastermind en mode Duel - Réponse du joueur en mode duel :RRRV
2017-11-03 15:54:32,907 DEBUG [AWT-EventQueue-0] vue.MastermindModeDuel$15 (MastermindModeDuel.java:474) - Jeu Mastermind en mode Duel - Reponse attendue :RRRV
2017-11-03 15:54:40,604 DEBUG [AWT-EventQueue-0] model.ModeleDonneesMastermind (ModeleDonneesMastermind.java:182) - Jeu Mastermind en mode Duel - Proposition Joueur Modèle de données :5055
2017-11-03 15:54:40,604 DEBUG [AWT-EventQueue-0] model.ModeleDonneesMastermind (ModeleDonneesMastermind.java:185) - Jeu Mastermind en mode Duel - Réponse Ordinateur Mode Duel :RBVV
2017-11-03 15:54:40,605 DEBUG [AWT-EventQueue-0] model.ModeleDonneesMastermind (ModeleDonneesMastermind.java:255) - Jeu Mastermind en mode Duel - Modele de données réponse du joueur :RRRV
2017-11-03 15:54:40,605 DEBUG [AWT-EventQueue-0] model.ModeleDonneesMastermind (ModeleDonneesMastermind.java:298) - Jeu Mastermind en mode Duel - Taille liste chaînée réactualisé :4
2017-11-03 15:54:40,605 DEBUG [AWT-EventQueue-0] model.ModeleDonneesMastermind (ModeleDonneesMastermind.java:299) - Jeu Mastermind en mode Duel - Premier élément réactualisé :1134
2017-11-03 15:54:48,924 DEBUG [AWT-EventQueue-0] vue.MastermindModeDuel$15 (MastermindModeDuel.java:472) - Jeu Mastermind en mode Duel - Réponse du joueur en mode duel :RRBV
2017-11-03 15:54:48,924 DEBUG [AWT-EventQueue-0] vue.MastermindModeDuel$15 (MastermindModeDuel.java:474) - Jeu Mastermind en mode Duel - Reponse attendue :RRBV
2017-11-03 15:54:54,261 DEBUG [AWT-EventQueue-0] model.ModeleDonneesMastermind (ModeleDonneesMastermind.java:182) - Jeu Mastermind en mode Duel - Proposition Joueur Modèle de données :5112
2017-11-03 15:54:54,261 DEBUG [AWT-EventQueue-0] model.ModeleDonneesMastermind (ModeleDonneesMastermind.java:185) - Jeu Mastermind en mode Duel - Réponse Ordinateur Mode Duel :RBBV
2017-11-03 15:54:54,264 DEBUG [AWT-EventQueue-0] model.ModeleDonneesMastermind (ModeleDonneesMastermind.java:255) - Jeu Mastermind en mode Duel - Modele de données réponse du joueur :RRBV
2017-11-03 15:54:54,264 DEBUG [AWT-EventQueue-0] model.ModeleDonneesMastermind (ModeleDonneesMastermind.java:298) - Jeu Mastermind en mode Duel - Taille liste chaînée réactualisé :1
2017-11-03 15:54:54,264 DEBUG [AWT-EventQueue-0] model.ModeleDonneesMastermind (ModeleDonneesMastermind.java:299) - Jeu Mastermind en mode Duel - Premier élément réactualisé :1153
2017-11-03 15:55:03,514 DEBUG [AWT-EventQueue-0] vue.MastermindModeDuel$15 (MastermindModeDuel.java:472) - Jeu Mastermind en mode Duel - Réponse du joueur en mode duel :RRRR
2017-11-03 15:55:03,514 DEBUG [AWT-EventQueue-0] vue.MastermindModeDuel$15 (MastermindModeDuel.java:474) - Jeu Mastermind en mode Duel - Reponse attendue :RRRR
2017-11-03 15:55:09,335 DEBUG [AWT-EventQueue-0] model.ModeleDonneesMastermind (ModeleDonneesMastermind.java:169) - Jeu Mastermind en mode Duel - Combinaison Secrète Ordinateur Modèle de données : 4442
2017-11-03 15:55:15,564 DEBUG [AWT-EventQueue-0] model.ModeleDonneesMastermind (ModeleDonneesMastermind.java:174) - Jeu Mastermind en mode Duel - Proposition Secrète Joueur Modèle de données :5005
2017-11-03 15:55:15,570 DEBUG [AWT-EventQueue-0] model.ModeleDonneesMastermind (ModeleDonneesMastermind.java:176) - Jeu Mastermind en mode Duel - Taille de la liste chaînée :1296
2017-11-03 15:55:18,016 DEBUG [AWT-EventQueue-0] model.ModeleDonneesMastermind (ModeleDonneesMastermind.java:182) - Jeu Mastermind en mode Duel - Proposition Joueur Modèle de données :4444
2017-11-03 15:55:18,016 DEBUG [AWT-EventQueue-0] model.ModeleDonneesMastermind (ModeleDonneesMastermind.java:185) - Jeu Mastermind en mode Duel - Réponse Ordinateur Mode Duel :RRRV
2017-11-03 15:55:18,031 DEBUG [AWT-EventQueue-0] model.ModeleDonneesMastermind (ModeleDonneesMastermind.java:252) - Jeu Mastermind en mode Duel - Proposition Ordinateur Mode Duel :0000
2017-11-03 15:55:20,299 DEBUG [AWT-EventQueue-0] vue.MastermindModeDuel$15 (MastermindModeDuel.java:472) - Jeu Mastermind en mode Duel - Réponse du joueur en mode duel :RRVV
2017-11-03 15:55:20,314 DEBUG [AWT-EventQueue-0] vue.MastermindModeDuel$15 (MastermindModeDuel.java:474) - Jeu Mastermind en mode Duel - Reponse attendue :RRVV
2017-11-03 15:55:25,241 DEBUG [AWT-EventQueue-0] model.ModeleDonneesMastermind (ModeleDonneesMastermind.java:182) - Jeu Mastermind en mode Duel - Proposition Joueur Modèle de données :4441
2017-11-03 15:55:25,241 DEBUG [AWT-EventQueue-0] model.ModeleDonneesMastermind (ModeleDonneesMastermind.java:185) - Jeu Mastermind en mode Duel - Réponse Ordinateur Mode Duel :RRRV
2017-11-03 15:55:25,255 DEBUG [AWT-EventQueue-0] model.ModeleDonneesMastermind (ModeleDonneesMastermind.java:255) - Jeu Mastermind en mode Duel - Modele de données réponse du joueur :RRVV
2017-11-03 15:55:25,256 DEBUG [AWT-EventQueue-0] model.ModeleDonneesMastermind (ModeleDonneesMastermind.java:298) - Jeu Mastermind en mode Duel - Taille liste chaînée réactualisé :150
2017-11-03 15:55:25,256 DEBUG [AWT-EventQueue-0] model.ModeleDonneesMastermind (ModeleDonneesMastermind.java:299) - Jeu Mastermind en mode Duel - Premier élément réactualisé :0011
2017-11-03 15:55:37,409 DEBUG [AWT-EventQueue-0] vue.MastermindModeDuel$15 (MastermindModeDuel.java:472) - Jeu Mastermind en mode Duel - Réponse du joueur en mode duel :RBVV
2017-11-03 15:55:37,409 DEBUG [AWT-EventQueue-0] vue.MastermindModeDuel$15 (MastermindModeDuel.java:474) - Jeu Mastermind en mode Duel - Reponse attendue :RBVV
2017-11-03 15:55:42,786 DEBUG [AWT-EventQueue-0] model.ModeleDonneesMastermind (ModeleDonneesMastermind.java:182) - Jeu Mastermind en mode Duel - Proposition Joueur Modèle de données :4411
2017-11-03 15:55:42,786 DEBUG [AWT-EventQueue-0] model.ModeleDonneesMastermind (ModeleDonneesMastermind.java:185) - Jeu Mastermind en mode Duel - Réponse Ordinateur Mode Duel :RRVV
2017-11-03 15:55:42,792 DEBUG [AWT-EventQueue-0] model.ModeleDonneesMastermind (ModeleDonneesMastermind.java:255) - Jeu Mastermind en mode Duel - Modele de données réponse du joueur :RBVV
2017-11-03 15:55:42,792 DEBUG [AWT-EventQueue-0] model.ModeleDonneesMastermind (ModeleDonneesMastermind.java:298) - Jeu Mastermind en mode Duel - Taille liste chaînée réactualisé :64
2017-11-03 15:55:42,793 DEBUG [AWT-EventQueue-0] model.ModeleDonneesMastermind (ModeleDonneesMastermind.java:299) - Jeu Mastermind en mode Duel - Premier élément réactualisé :0202
2017-11-03 15:55:53,505 DEBUG [AWT-EventQueue-0] vue.MastermindModeDuel$15 (MastermindModeDuel.java:472) - Jeu Mastermind en mode Duel - Réponse du joueur en mode duel :RBVV
2017-11-03 15:55:53,505 DEBUG [AWT-EventQueue-0] vue.MastermindModeDuel$15 (MastermindModeDuel.java:474) - Jeu Mastermind en mode Duel - Reponse attendue :RBVV
2017-11-03 15:55:57,519 DEBUG [AWT-EventQueue-0] model.ModeleDonneesMastermind (ModeleDonneesMastermind.java:182) - Jeu Mastermind en mode Duel - Proposition Joueur Modèle de données :4442
2017-11-03 15:55:57,519 DEBUG [AWT-EventQueue-0] model.ModeleDonneesMastermind (ModeleDonneesMastermind.java:185) - Jeu Mastermind en mode Duel - Réponse Ordinateur Mode Duel :RRRR
2017-11-03 15:56:01,463 TRACE [AWT-EventQueue-0] vue.Fenetre (Fenetre.java:393) - Retour à l'accueil
2017-11-03 15:56:03,979 TRACE [AWT-EventQueue-0] vue.Fenetre$10 (Fenetre.java:331) - Fin de l'application
2017-11-03 16:01:20,094 TRACE [main] vue.Fenetre (Fenetre.java:70) - Instanciation de la fenêtre principale
2017-11-03 16:01:20,094 TRACE [main] vue.Fenetre (Fenetre.java:86) - Initialisation des modèles de données
2017-11-03 16:01:20,094 TRACE [main] vue.Fenetre (Fenetre.java:119) - Initialisation du menu
2017-11-03 16:01:24,582 TRACE [AWT-EventQueue-0] vue.MastermindModeDuel (MastermindModeDuel.java:81) - Instanciation du jeu Mastermind en mode Duel
2017-11-03 16:01:24,599 DEBUG [AWT-EventQueue-0] model.ModeleDonneesMastermind (ModeleDonneesMastermind.java:169) - Jeu Mastermind en mode Duel - Combinaison Secrète Ordinateur Modèle de données : 5402
2017-11-03 16:01:24,620 TRACE [AWT-EventQueue-0] vue.Fenetre (Fenetre.java:343) - Réinitialisation des modèles de données
2017-11-03 16:01:29,563 DEBUG [AWT-EventQueue-0] model.ModeleDonneesMastermind (ModeleDonneesMastermind.java:174) - Jeu Mastermind en mode Duel - Proposition Secrète Joueur Modèle de données :2222
2017-11-03 16:01:29,565 DEBUG [AWT-EventQueue-0] model.ModeleDonneesMastermind (ModeleDonneesMastermind.java:176) - Jeu Mastermind en mode Duel - Taille de la liste chaînée :1296
2017-11-03 16:01:32,445 DEBUG [AWT-EventQueue-0] model.ModeleDonneesMastermind (ModeleDonneesMastermind.java:182) - Jeu Mastermind en mode Duel - Proposition Joueur Modèle de données :4321
2017-11-03 16:01:32,454 DEBUG [AWT-EventQueue-0] model.ModeleDonneesMastermind (ModeleDonneesMastermind.java:185) - Jeu Mastermind en mode Duel - Réponse Ordinateur Mode Duel :BBVV
2017-11-03 16:01:32,454 DEBUG [AWT-EventQueue-0] model.ModeleDonneesMastermind (ModeleDonneesMastermind.java:252) - Jeu Mastermind en mode Duel - Proposition Ordinateur Mode Duel :0000
2017-11-03 16:01:41,078 DEBUG [AWT-EventQueue-0] vue.MastermindModeDuel$15 (MastermindModeDuel.java:472) - Jeu Mastermind en mode Duel - Réponse du joueur en mode duel :VVVV
2017-11-03 16:01:41,078 DEBUG [AWT-EventQueue-0] vue.MastermindModeDuel$15 (MastermindModeDuel.java:474) - Jeu Mastermind en mode Duel - Reponse attendue :VVVV
2017-11-03 16:01:46,602 DEBUG [AWT-EventQueue-0] model.ModeleDonneesMastermind (ModeleDonneesMastermind.java:182) - Jeu Mastermind en mode Duel - Proposition Joueur Modèle de données :5044
2017-11-03 16:01:46,607 DEBUG [AWT-EventQueue-0] model.ModeleDonneesMastermind (ModeleDonneesMastermind.java:185) - Jeu Mastermind en mode Duel - Réponse Ordinateur Mode Duel :RBBV
2017-11-03 16:01:46,607 DEBUG [AWT-EventQueue-0] model.ModeleDonneesMastermind (ModeleDonneesMastermind.java:255) - Jeu Mastermind en mode Duel - Modele de données réponse du joueur :VVVV
2017-11-03 16:01:46,608 DEBUG [AWT-EventQueue-0] model.ModeleDonneesMastermind (ModeleDonneesMastermind.java:298) - Jeu Mastermind en mode Duel - Taille liste chaînée réactualisé :625
2017-11-03 16:01:46,608 DEBUG [AWT-EventQueue-0] model.ModeleDonneesMastermind (ModeleDonneesMastermind.java:299) - Jeu Mastermind en mode Duel - Premier élément réactualisé :1111
2017-11-03 16:01:48,659 DEBUG [AWT-EventQueue-0] vue.MastermindModeDuel$15 (MastermindModeDuel.java:472) - Jeu Mastermind en mode Duel - Réponse du joueur en mode duel :VVVV
2017-11-03 16:01:48,659 DEBUG [AWT-EventQueue-0] vue.MastermindModeDuel$15 (MastermindModeDuel.java:474) - Jeu Mastermind en mode Duel - Reponse attendue :VVVV
2017-11-03 16:01:53,691 DEBUG [AWT-EventQueue-0] model.ModeleDonneesMastermind (ModeleDonneesMastermind.java:182) - Jeu Mastermind en mode Duel - Proposition Joueur Modèle de données :5400
2017-11-03 16:01:53,691 DEBUG [AWT-EventQueue-0] model.ModeleDonneesMastermind (ModeleDonneesMastermind.java:185) - Jeu Mastermind en mode Duel - Réponse Ordinateur Mode Duel :RRRV
2017-11-03 16:01:53,704 DEBUG [AWT-EventQueue-0] model.ModeleDonneesMastermind (ModeleDonneesMastermind.java:255) - Jeu Mastermind en mode Duel - Modele de données réponse du joueur :VVVV
2017-11-03 16:01:53,705 DEBUG [AWT-EventQueue-0] model.ModeleDonneesMastermind (ModeleDonneesMastermind.java:298) - Jeu Mastermind en mode Duel - Taille liste chaînée réactualisé :256
2017-11-03 16:01:53,705 DEBUG [AWT-EventQueue-0] model.ModeleDonneesMastermind (ModeleDonneesMastermind.java:299) - Jeu Mastermind en mode Duel - Premier élément réactualisé :2222
2017-11-03 16:01:57,260 DEBUG [AWT-EventQueue-0] vue.MastermindModeDuel$15 (MastermindModeDuel.java:472) - Jeu Mastermind en mode Duel - Réponse du joueur en mode duel :RRRR
2017-11-03 16:01:57,260 DEBUG [AWT-EventQueue-0] vue.MastermindModeDuel$15 (MastermindModeDuel.java:474) - Jeu Mastermind en mode Duel - Reponse attendue :RRRR
2017-11-03 16:02:05,778 TRACE [AWT-EventQueue-0] vue.MastermindModeDuel (MastermindModeDuel.java:1061) - Jeu Mastermind en mode Duel - Partie relancée
2017-11-03 16:02:05,800 DEBUG [AWT-EventQueue-0] model.ModeleDonneesMastermind (ModeleDonneesMastermind.java:169) - Jeu Mastermind en mode Duel - Combinaison Secrète Ordinateur Modèle de données : 0512
2017-11-03 16:02:11,598 DEBUG [AWT-EventQueue-0] model.ModeleDonneesMastermind (ModeleDonneesMastermind.java:174) - Jeu Mastermind en mode Duel - Proposition Secrète Joueur Modèle de données :3333
2017-11-03 16:02:11,601 DEBUG [AWT-EventQueue-0] model.ModeleDonneesMastermind (ModeleDonneesMastermind.java:176) - Jeu Mastermind en mode Duel - Taille de la liste chaînée :1296
2017-11-03 16:02:19,640 DEBUG [AWT-EventQueue-0] model.ModeleDonneesMastermind (ModeleDonneesMastermind.java:182) - Jeu Mastermind en mode Duel - Proposition Joueur Modèle de données :0512
2017-11-03 16:02:19,640 DEBUG [AWT-EventQueue-0] model.ModeleDonneesMastermind (ModeleDonneesMastermind.java:185) - Jeu Mastermind en mode Duel - Réponse Ordinateur Mode Duel :RRRR
2017-11-03 16:02:22,221 TRACE [AWT-EventQueue-0] vue.MastermindModeDuel (MastermindModeDuel.java:1061) - Jeu Mastermind en mode Duel - Partie relancée
2017-11-03 16:02:22,250 DEBUG [AWT-EventQueue-0] model.ModeleDonneesMastermind (ModeleDonneesMastermind.java:169) - Jeu Mastermind en mode Duel - Combinaison Secrète Ordinateur Modèle de données : 1124
2017-11-03 16:02:28,794 DEBUG [AWT-EventQueue-0] model.ModeleDonneesMastermind (ModeleDonneesMastermind.java:174) - Jeu Mastermind en mode Duel - Proposition Secrète Joueur Modèle de données :5432
2017-11-03 16:02:28,794 DEBUG [AWT-EventQueue-0] model.ModeleDonneesMastermind (ModeleDonneesMastermind.java:176) - Jeu Mastermind en mode Duel - Taille de la liste chaînée :1296
2017-11-03 16:02:35,127 DEBUG [AWT-EventQueue-0] model.ModeleDonneesMastermind (ModeleDonneesMastermind.java:182) - Jeu Mastermind en mode Duel - Proposition Joueur Modèle de données :1124
2017-11-03 16:02:35,134 DEBUG [AWT-EventQueue-0] model.ModeleDonneesMastermind (ModeleDonneesMastermind.java:185) - Jeu Mastermind en mode Duel - Réponse Ordinateur Mode Duel :RRRR
2017-11-03 16:02:37,521 TRACE [AWT-EventQueue-0] vue.Fenetre (Fenetre.java:377) - Fin de l'application
